<?xml version="1.0" encoding="UTF-8"?>
<!-- Generated by org.testng.reporters.JUnitReportReporter -->
<testsuite hostname="DELL-FHHTRG3" failures="0" tests="1" name="ComplaintRegistrationModule.Test_URLCaseSensitive_Negative" time="4.299" errors="0" timestamp="2024-05-20T15:42:50 IST" skipped="0">
  <testcase classname="ComplaintRegistrationModule.Test_URLCaseSensitive_Negative" name="test_caseSensitiveURL" time="4.299"/>
</testsuite> <!-- ComplaintRegistrationModule.Test_URLCaseSensitive_Negative -->
